<?xml version="1.0" encoding="UTF-8"?>
<!-- Generated by org.testng.reporters.JUnitXMLReporter -->
<testsuite ignored="2" hostname="DESKTOP-A9223PE" failures="0" tests="1" name="Default test" time="113.808" errors="0" timestamp="2021-04-21T16:51:19 IST">
  <testcase classname="ECOMadmintest.Addnewproductpagetest" name="addproductdetails" time="2.926"/>
  <testcase classname="ECOMadmintest.Addnewproductpagetest" name="clickaddnew" time="0.0">
    <ignored/>
  </testcase> <!-- clickaddnew -->
  <testcase classname="ECOMadmintest.Addnewproductpagetest" name="verifytitle" time="0.0">
    <ignored/>
  </testcase> <!-- verifytitle -->
</testsuite> <!-- Default test -->
