<?xml version="1.0" encoding="UTF-8"?>
<testng-results ignored="2" total="3" passed="1" failed="0" skipped="0">
  <reporter-output>
  </reporter-output>
  <suite started-at="2021-04-21T16:49:24 IST" name="Default suite" finished-at="2021-04-21T16:51:18 IST" duration-ms="113808">
    <groups>
    </groups>
    <test started-at="2021-04-21T16:49:24 IST" name="Default test" finished-at="2021-04-21T16:51:18 IST" duration-ms="113808">
      <class name="ECOMadmintest.Addnewproductpagetest">
        <test-method is-config="true" signature="setup()[pri:0, instance:ECOMadmintest.Addnewproductpagetest@482bce4f]" started-at="2021-04-21T16:49:24 IST" name="setup" finished-at="2021-04-21T16:51:13 IST" duration-ms="108235" status="PASS">
          <reporter-output>
          </reporter-output>
        </test-method> <!-- setup -->
        <test-method signature="addproductdetails()[pri:0, instance:ECOMadmintest.Addnewproductpagetest@482bce4f]" started-at="2021-04-21T16:51:13 IST" name="addproductdetails" finished-at="2021-04-21T16:51:15 IST" duration-ms="2926" status="PASS">
          <reporter-output>
          </reporter-output>
        </test-method> <!-- addproductdetails -->
        <test-method is-config="true" signature="teardown()[pri:0, instance:ECOMadmintest.Addnewproductpagetest@482bce4f]" started-at="2021-04-21T16:51:15 IST" name="teardown" finished-at="2021-04-21T16:51:18 IST" duration-ms="2557" status="PASS">
          <reporter-output>
          </reporter-output>
        </test-method> <!-- teardown -->
      </class> <!-- ECOMadmintest.Addnewproductpagetest -->
    </test> <!-- Default test -->
  </suite> <!-- Default suite -->
</testng-results>
